3/2/2020 3:38:29 PM, Info: ProjectInfo successfully initialized.
3/2/2020 3:38:29 PM, Info: Initializing SIMPLSharp Services...
3/2/2020 3:39:20 PM, Info: Validating assembly C:\Users\User\Desktop\CrestronDevelopment\RoomMonitor\libs\SSharpM2MqttLibrary.dll...
3/2/2020 3:39:50 PM, Info: Validating assembly C:\Users\User\Desktop\CrestronDevelopment\RoomMonitor\RoomMonitor\bin\Debug\RoomMonitor.dll...
3/2/2020 3:41:47 PM, Info: Validating assembly C:\Users\User\Desktop\CrestronDevelopment\RoomMonitor\RoomMonitor\bin\Debug\RoomMonitor.dll...
3/2/2020 3:41:48 PM, Info: Verifying assembly C:\Users\User\Desktop\CrestronDevelopment\RoomMonitor\RoomMonitor\bin\Debug\RoomMonitor.dll
3/2/2020 3:41:48 PM, Info: Creating Archive C:\Users\User\Desktop\CrestronDevelopment\RoomMonitor\RoomMonitor\bin\Debug\RoomMonitor.cpz...
3/2/2020 3:49:57 PM, Info: Validating assembly C:\Users\User\Desktop\CrestronDevelopment\RoomMonitor\RoomMonitor\bin\Debug\RoomMonitor.dll...
3/2/2020 3:49:57 PM, Info: Verifying assembly C:\Users\User\Desktop\CrestronDevelopment\RoomMonitor\RoomMonitor\bin\Debug\RoomMonitor.dll
3/2/2020 3:49:58 PM, Info: Creating Archive C:\Users\User\Desktop\CrestronDevelopment\RoomMonitor\RoomMonitor\bin\Debug\RoomMonitor.cpz...
3/2/2020 3:53:12 PM, Info: Validating assembly C:\Users\User\Desktop\CrestronDevelopment\RoomMonitor\RoomMonitor\bin\Debug\RoomMonitor.dll...
3/2/2020 3:53:13 PM, Info: Verifying assembly C:\Users\User\Desktop\CrestronDevelopment\RoomMonitor\RoomMonitor\bin\Debug\RoomMonitor.dll
3/2/2020 3:53:14 PM, Info: Creating Archive C:\Users\User\Desktop\CrestronDevelopment\RoomMonitor\RoomMonitor\bin\Debug\RoomMonitor.cpz...
3/2/2020 4:52:08 PM, Info: Validating assembly C:\Users\User\Desktop\CrestronDevelopment\RoomMonitor\RoomMonitor\bin\Debug\RoomMonitor.dll...
3/2/2020 4:52:09 PM, Info: Verifying assembly C:\Users\User\Desktop\CrestronDevelopment\RoomMonitor\RoomMonitor\bin\Debug\RoomMonitor.dll
3/2/2020 4:52:09 PM, Info: Creating Archive C:\Users\User\Desktop\CrestronDevelopment\RoomMonitor\RoomMonitor\bin\Debug\RoomMonitor.cpz...
3/2/2020 4:59:00 PM, Info: Validating assembly C:\Users\User\Desktop\CrestronDevelopment\RoomMonitor\RoomMonitor\bin\Debug\RoomMonitor.dll...
3/2/2020 4:59:01 PM, Info: Verifying assembly C:\Users\User\Desktop\CrestronDevelopment\RoomMonitor\RoomMonitor\bin\Debug\RoomMonitor.dll
3/2/2020 4:59:01 PM, Info: Creating Archive C:\Users\User\Desktop\CrestronDevelopment\RoomMonitor\RoomMonitor\bin\Debug\RoomMonitor.cpz...
3/2/2020 5:17:42 PM, Info: Validating assembly C:\Users\User\Desktop\CrestronDevelopment\RoomMonitor\RoomMonitor\bin\Debug\RoomMonitor.dll...
3/2/2020 5:17:43 PM, Info: Verifying assembly C:\Users\User\Desktop\CrestronDevelopment\RoomMonitor\RoomMonitor\bin\Debug\RoomMonitor.dll
3/2/2020 5:17:43 PM, Info: Creating Archive C:\Users\User\Desktop\CrestronDevelopment\RoomMonitor\RoomMonitor\bin\Debug\RoomMonitor.cpz...
